mode: set
digital.vasic.background/event_publisher.go:20.93,22.2 1 1
digital.vasic.background/event_publisher.go:38.69,40.2 1 1
digital.vasic.background/event_publisher.go:43.96,47.2 2 1
digital.vasic.background/events.go:58.40,60.2 1 1
digital.vasic.background/events.go:63.39,64.11 1 0
digital.vasic.background/events.go:65.28,66.26 1 0
digital.vasic.background/events.go:67.28,68.26 1 0
digital.vasic.background/events.go:69.53,70.27 1 0
digital.vasic.background/events.go:71.30,72.28 1 0
digital.vasic.background/events.go:73.27,74.25 1 0
digital.vasic.background/events.go:75.26,76.24 1 0
digital.vasic.background/events.go:77.30,78.28 1 0
digital.vasic.background/events.go:79.29,80.27 1 0
digital.vasic.background/events.go:81.31,82.29 1 0
digital.vasic.background/events.go:83.10,84.25 1 0
digital.vasic.background/events.go:125.104,138.26 2 0
digital.vasic.background/events.go:138.26,140.3 1 0
digital.vasic.background/events.go:141.2,141.33 1 0
digital.vasic.background/events.go:141.33,143.3 1 0
digital.vasic.background/events.go:144.2,144.27 1 0
digital.vasic.background/events.go:144.27,146.3 1 0
digital.vasic.background/events.go:147.2,147.31 1 0
digital.vasic.background/events.go:147.31,149.3 1 0
digital.vasic.background/events.go:150.2,150.27 1 0
digital.vasic.background/events.go:150.27,152.3 1 0
digital.vasic.background/events.go:153.2,155.14 2 0
digital.vasic.background/events.go:181.66,187.2 1 0
digital.vasic.background/events.go:192.66,192.67 0 0
digital.vasic.background/events.go:193.66,193.67 0 0
digital.vasic.background/events.go:194.66,194.67 0 0
digital.vasic.background/events.go:195.66,195.67 0 0
digital.vasic.background/events.go:198.123,199.19 1 0
digital.vasic.background/events.go:199.19,201.3 1 0
digital.vasic.background/events.go:202.2,202.19 1 0
digital.vasic.background/events.go:202.19,205.3 1 0
digital.vasic.background/events.go:207.2,215.50 2 0
digital.vasic.background/events.go:215.50,217.3 1 0
digital.vasic.background/events.go:219.2,219.10 1 0
digital.vasic.background/events.go:223.38,224.43 1 0
digital.vasic.background/events.go:224.43,226.3 1 0
digital.vasic.background/events.go:228.2,229.25 2 0
digital.vasic.background/events.go:233.37,235.24 2 0
digital.vasic.background/events.go:235.24,237.3 1 0
digital.vasic.background/events.go:238.2,238.13 1 0
digital.vasic.background/events.go:242.49,245.6 2 0
digital.vasic.background/events.go:245.6,246.10 1 0
digital.vasic.background/events.go:247.35,248.11 1 0
digital.vasic.background/events.go:248.11,250.5 1 0
digital.vasic.background/events.go:251.4,251.67 1 0
digital.vasic.background/events.go:251.67,253.5 1 0
digital.vasic.background/events.go:254.19,256.35 1 0
digital.vasic.background/events.go:256.35,257.68 1 0
digital.vasic.background/events.go:257.68,259.6 1 0
digital.vasic.background/events.go:261.4,261.10 1 0
digital.vasic.background/events.go:267.93,268.38 1 0
digital.vasic.background/events.go:268.38,270.3 1 0
digital.vasic.background/events.go:272.2,272.42 1 0
digital.vasic.background/events.go:272.42,273.10 1 0
digital.vasic.background/events.go:274.29,275.14 1 0
digital.vasic.background/events.go:276.11,279.34 2 0
digital.vasic.background/events.go:283.2,283.32 1 0
digital.vasic.background/events.go:287.95,288.18 1 0
digital.vasic.background/events.go:288.18,290.3 1 0
digital.vasic.background/events.go:292.2,292.56 1 0
digital.vasic.background/events.go:292.56,296.3 2 0
digital.vasic.background/events.go:298.2,301.12 2 0
digital.vasic.background/events.go:305.105,307.2 1 0
digital.vasic.background/events.go:310.105,312.2 1 0
digital.vasic.background/events.go:315.106,317.2 1 0
digital.vasic.background/events.go:320.127,322.19 2 0
digital.vasic.background/events.go:322.19,324.3 1 0
digital.vasic.background/events.go:325.2,325.30 1 0
digital.vasic.background/events.go:329.115,331.16 2 0
digital.vasic.background/events.go:331.16,334.3 2 0
digital.vasic.background/events.go:335.2,335.30 1 0
digital.vasic.background/events.go:339.118,343.2 3 0
digital.vasic.background/events.go:346.107,348.2 1 0
digital.vasic.background/events.go:351.127,356.2 4 0
digital.vasic.background/events.go:359.123,363.2 3 0
digital.vasic.background/events.go:366.47,370.2 3 0
digital.vasic.background/events.go:373.55,377.2 3 0
digital.vasic.background/events.go:380.31,382.2 1 0
digital.vasic.background/events.go:385.38,388.19 3 0
digital.vasic.background/events.go:388.19,391.3 2 0
digital.vasic.background/events.go:392.2,392.18 1 0
digital.vasic.background/messaging_adapter.go:31.66,35.2 1 0
digital.vasic.background/messaging_adapter.go:43.23,44.19 1 0
digital.vasic.background/messaging_adapter.go:44.19,46.3 1 0
digital.vasic.background/messaging_adapter.go:47.2,47.19 1 0
digital.vasic.background/messaging_adapter.go:47.19,49.3 1 0
digital.vasic.background/messaging_adapter.go:51.2,57.3 2 0
digital.vasic.background/messaging_adapter.go:61.38,63.2 1 0
digital.vasic.background/messaging_adapter.go:66.37,68.2 1 0
digital.vasic.background/messaging_adapter.go:71.94,73.54 1 0
digital.vasic.background/messaging_adapter.go:73.54,75.3 1 0
digital.vasic.background/messaging_adapter.go:78.2,78.66 1 0
digital.vasic.background/messaging_adapter.go:78.66,80.3 1 0
digital.vasic.background/messaging_adapter.go:82.2,82.12 1 0
digital.vasic.background/messaging_adapter.go:86.143,88.16 2 0
digital.vasic.background/messaging_adapter.go:88.16,90.3 1 0
digital.vasic.background/messaging_adapter.go:91.2,91.17 1 0
digital.vasic.background/messaging_adapter.go:91.17,93.3 1 0
digital.vasic.background/messaging_adapter.go:96.2,96.66 1 0
digital.vasic.background/messaging_adapter.go:96.66,98.3 1 0
digital.vasic.background/messaging_adapter.go:100.2,100.18 1 0
digital.vasic.background/messaging_adapter.go:104.101,106.2 1 0
digital.vasic.background/messaging_adapter.go:109.101,112.51 2 0
digital.vasic.background/messaging_adapter.go:112.51,115.17 3 0
digital.vasic.background/messaging_adapter.go:115.17,117.4 1 0
digital.vasic.background/messaging_adapter.go:121.2,121.63 1 0
digital.vasic.background/messaging_adapter.go:121.63,123.3 1 0
digital.vasic.background/messaging_adapter.go:126.2,126.17 1 0
digital.vasic.background/messaging_adapter.go:126.17,127.75 1 0
digital.vasic.background/messaging_adapter.go:127.75,129.4 1 0
digital.vasic.background/messaging_adapter.go:132.2,132.12 1 0
digital.vasic.background/messaging_adapter.go:136.104,139.51 2 0
digital.vasic.background/messaging_adapter.go:139.51,142.17 3 0
digital.vasic.background/messaging_adapter.go:142.17,144.4 1 0
digital.vasic.background/messaging_adapter.go:148.2,148.73 1 0
digital.vasic.background/messaging_adapter.go:148.73,150.3 1 0
digital.vasic.background/messaging_adapter.go:153.2,153.17 1 0
digital.vasic.background/messaging_adapter.go:153.17,154.78 1 0
digital.vasic.background/messaging_adapter.go:154.78,156.4 1 0
digital.vasic.background/messaging_adapter.go:159.2,159.12 1 0
digital.vasic.background/messaging_adapter.go:163.82,165.2 1 0
digital.vasic.background/messaging_adapter.go:168.82,170.2 1 0
digital.vasic.background/messaging_adapter.go:173.104,175.2 1 0
digital.vasic.background/messaging_adapter.go:178.62,180.2 1 0
digital.vasic.background/messaging_adapter.go:183.51,185.2 1 0
digital.vasic.background/messaging_adapter.go:205.30,212.2 1 0
digital.vasic.background/messaging_adapter.go:215.91,221.68 3 0
digital.vasic.background/messaging_adapter.go:221.68,223.3 1 0
digital.vasic.background/messaging_adapter.go:226.2,226.86 1 0
digital.vasic.background/messaging_adapter.go:226.86,229.3 1 0
digital.vasic.background/messaging_adapter.go:231.2,231.12 1 0
digital.vasic.background/messaging_adapter.go:235.61,237.2 1 0
digital.vasic.background/messaging_adapter.go:240.73,242.2 1 0
digital.vasic.background/messaging_adapter.go:245.89,247.2 1 0
digital.vasic.background/messaging_adapter.go:250.107,252.2 1 0
digital.vasic.background/messaging_adapter.go:269.33,275.2 1 0
digital.vasic.background/messaging_adapter.go:278.131,285.16 3 0
digital.vasic.background/messaging_adapter.go:285.16,290.77 4 0
digital.vasic.background/messaging_adapter.go:290.77,293.4 1 0
digital.vasic.background/messaging_adapter.go:294.8,298.80 3 0
digital.vasic.background/messaging_adapter.go:298.80,301.4 1 0
digital.vasic.background/messaging_adapter.go:304.2,304.12 1 0
digital.vasic.background/messaging_adapter.go:308.56,310.2 1 0
digital.vasic.background/messaging_adapter.go:313.112,315.16 2 0
digital.vasic.background/messaging_adapter.go:315.16,317.3 1 0
digital.vasic.background/messaging_adapter.go:320.2,322.62 3 0
digital.vasic.background/messaging_adapter.go:322.62,325.3 1 0
digital.vasic.background/messaging_adapter.go:327.2,327.24 1 0
digital.vasic.background/messaging_adapter.go:331.122,332.65 1 0
digital.vasic.background/messaging_adapter.go:332.65,334.3 1 0
digital.vasic.background/messaging_adapter.go:337.2,339.62 3 0
digital.vasic.background/messaging_adapter.go:339.62,342.3 1 0
digital.vasic.background/messaging_adapter.go:344.2,344.12 1 0
digital.vasic.background/messaging_adapter.go:348.103,349.53 1 0
digital.vasic.background/messaging_adapter.go:349.53,351.3 1 0
digital.vasic.background/messaging_adapter.go:354.2,355.74 2 0
digital.vasic.background/messaging_adapter.go:355.74,358.3 1 0
digital.vasic.background/messaging_adapter.go:360.2,360.12 1 0
digital.vasic.background/messaging_adapter.go:364.87,366.2 1 0
digital.vasic.background/messaging_adapter.go:376.32,382.2 3 0
digital.vasic.background/metrics.go:45.48,203.2 1 1
digital.vasic.background/metrics.go:206.167,213.2 6 0
digital.vasic.background/metrics.go:216.63,223.2 6 0
digital.vasic.background/metrics.go:226.71,227.38 1 0
digital.vasic.background/metrics.go:227.38,229.3 1 0
digital.vasic.background/metrics.go:239.44,240.30 1 1
digital.vasic.background/metrics.go:240.30,241.27 1 1
digital.vasic.background/metrics.go:241.27,243.4 1 1
digital.vasic.background/metrics.go:245.2,245.22 1 1
digital.vasic.background/metrics.go:249.51,251.2 1 0
digital.vasic.background/resource_monitor.go:46.106,53.2 1 0
digital.vasic.background/resource_monitor.go:56.81,59.70 2 0
digital.vasic.background/resource_monitor.go:59.70,63.3 3 0
digital.vasic.background/resource_monitor.go:64.2,68.16 3 0
digital.vasic.background/resource_monitor.go:68.16,70.3 1 0
digital.vasic.background/resource_monitor.go:72.2,73.16 2 0
digital.vasic.background/resource_monitor.go:73.16,75.3 1 0
digital.vasic.background/resource_monitor.go:78.2,79.16 2 0
digital.vasic.background/resource_monitor.go:79.16,81.3 1 0
digital.vasic.background/resource_monitor.go:84.2,85.16 2 0
digital.vasic.background/resource_monitor.go:85.16,87.3 1 0
digital.vasic.background/resource_monitor.go:90.2,91.16 2 0
digital.vasic.background/resource_monitor.go:91.16,93.3 1 0
digital.vasic.background/resource_monitor.go:95.2,96.25 2 0
digital.vasic.background/resource_monitor.go:96.25,98.3 1 0
digital.vasic.background/resource_monitor.go:101.2,120.23 6 0
digital.vasic.background/resource_monitor.go:124.97,126.16 2 0
digital.vasic.background/resource_monitor.go:126.16,128.3 1 0
digital.vasic.background/resource_monitor.go:130.2,136.16 3 0
digital.vasic.background/resource_monitor.go:136.16,138.3 1 0
digital.vasic.background/resource_monitor.go:141.2,142.35 2 0
digital.vasic.background/resource_monitor.go:142.35,145.3 2 0
digital.vasic.background/resource_monitor.go:148.2,149.34 2 0
digital.vasic.background/resource_monitor.go:149.34,152.3 2 0
digital.vasic.background/resource_monitor.go:155.2,156.16 2 0
digital.vasic.background/resource_monitor.go:156.16,158.3 1 0
digital.vasic.background/resource_monitor.go:161.2,162.37 2 0
digital.vasic.background/resource_monitor.go:162.37,167.3 4 0
digital.vasic.background/resource_monitor.go:170.2,171.16 2 0
digital.vasic.background/resource_monitor.go:171.16,173.3 1 0
digital.vasic.background/resource_monitor.go:177.2,178.37 2 0
digital.vasic.background/resource_monitor.go:178.37,181.3 2 0
digital.vasic.background/resource_monitor.go:184.2,185.16 2 0
digital.vasic.background/resource_monitor.go:185.16,187.3 1 0
digital.vasic.background/resource_monitor.go:190.2,191.16 2 0
digital.vasic.background/resource_monitor.go:191.16,193.3 1 0
digital.vasic.background/resource_monitor.go:196.2,197.16 2 0
digital.vasic.background/resource_monitor.go:197.16,199.3 1 0
digital.vasic.background/resource_monitor.go:202.2,203.35 2 0
digital.vasic.background/resource_monitor.go:203.35,205.3 1 0
digital.vasic.background/resource_monitor.go:207.2,207.22 1 0
digital.vasic.background/resource_monitor.go:211.104,215.45 3 0
digital.vasic.background/resource_monitor.go:215.45,217.3 1 0
digital.vasic.background/resource_monitor.go:219.2,235.12 5 0
digital.vasic.background/resource_monitor.go:239.70,244.13 4 0
digital.vasic.background/resource_monitor.go:244.13,246.3 1 0
digital.vasic.background/resource_monitor.go:248.2,253.12 4 0
digital.vasic.background/resource_monitor.go:257.101,262.13 4 0
digital.vasic.background/resource_monitor.go:262.13,264.3 1 0
digital.vasic.background/resource_monitor.go:266.2,269.28 3 0
digital.vasic.background/resource_monitor.go:269.28,271.3 1 0
digital.vasic.background/resource_monitor.go:273.2,274.23 2 0
digital.vasic.background/resource_monitor.go:278.94,280.16 2 0
digital.vasic.background/resource_monitor.go:280.16,282.3 1 0
digital.vasic.background/resource_monitor.go:285.2,285.91 1 0
digital.vasic.background/resource_monitor.go:285.91,287.3 1 0
digital.vasic.background/resource_monitor.go:290.2,290.93 1 0
digital.vasic.background/resource_monitor.go:290.93,292.3 1 0
digital.vasic.background/resource_monitor.go:295.2,295.35 1 0
digital.vasic.background/resource_monitor.go:295.35,297.3 1 0
digital.vasic.background/resource_monitor.go:299.2,299.38 1 0
digital.vasic.background/resource_monitor.go:299.38,301.3 1 0
digital.vasic.background/resource_monitor.go:303.2,303.13 1 0
digital.vasic.background/resource_monitor.go:307.66,311.6 3 0
digital.vasic.background/resource_monitor.go:311.6,312.10 1 0
digital.vasic.background/resource_monitor.go:313.22,314.10 1 0
digital.vasic.background/resource_monitor.go:315.19,317.18 2 0
digital.vasic.background/resource_monitor.go:317.18,319.13 2 0
digital.vasic.background/resource_monitor.go:322.4,330.27 5 0
digital.vasic.background/resource_monitor.go:330.27,331.93 1 0
digital.vasic.background/resource_monitor.go:331.93,333.6 1 0
digital.vasic.background/resource_monitor_test_helpers.go:19.52,31.2 1 0
digital.vasic.background/resource_monitor_test_helpers.go:34.78,39.2 4 0
digital.vasic.background/resource_monitor_test_helpers.go:42.94,46.57 3 0
digital.vasic.background/resource_monitor_test_helpers.go:46.57,48.3 1 0
digital.vasic.background/resource_monitor_test_helpers.go:50.2,55.8 1 0
digital.vasic.background/resource_monitor_test_helpers.go:59.101,61.2 1 0
digital.vasic.background/resource_monitor_test_helpers.go:64.67,66.2 1 0
digital.vasic.background/resource_monitor_test_helpers.go:69.98,76.2 1 0
digital.vasic.background/resource_monitor_test_helpers.go:79.91,81.2 1 0
digital.vasic.background/resource_monitor_test_helpers.go:84.78,88.2 3 0
digital.vasic.background/resource_monitor_test_helpers.go:91.95,95.2 3 0
digital.vasic.background/resource_monitor_test_helpers.go:98.69,101.2 0 0
digital.vasic.background/stuck_detector.go:31.56,39.2 1 1
digital.vasic.background/stuck_detector.go:42.75,54.2 1 1
digital.vasic.background/stuck_detector.go:57.143,58.17 1 1
digital.vasic.background/stuck_detector.go:58.17,60.3 1 0
digital.vasic.background/stuck_detector.go:63.2,63.25 1 1
digital.vasic.background/stuck_detector.go:63.25,65.3 1 0
digital.vasic.background/stuck_detector.go:68.2,68.59 1 1
digital.vasic.background/stuck_detector.go:68.59,70.3 1 1
digital.vasic.background/stuck_detector.go:73.2,73.22 1 1
digital.vasic.background/stuck_detector.go:73.22,75.3 1 0
digital.vasic.background/stuck_detector.go:78.2,78.25 1 1
digital.vasic.background/stuck_detector.go:78.25,80.35 1 0
digital.vasic.background/stuck_detector.go:80.35,82.4 1 0
digital.vasic.background/stuck_detector.go:85.3,85.67 1 0
digital.vasic.background/stuck_detector.go:85.67,87.4 1 0
digital.vasic.background/stuck_detector.go:90.3,90.31 1 0
digital.vasic.background/stuck_detector.go:90.31,92.4 1 0
digital.vasic.background/stuck_detector.go:95.3,95.33 1 0
digital.vasic.background/stuck_detector.go:95.33,97.4 1 0
digital.vasic.background/stuck_detector.go:100.3,100.33 1 0
digital.vasic.background/stuck_detector.go:100.33,102.4 1 0
digital.vasic.background/stuck_detector.go:105.2,105.18 1 1
digital.vasic.background/stuck_detector.go:109.81,113.57 3 1
digital.vasic.background/stuck_detector.go:113.57,115.3 1 1
digital.vasic.background/stuck_detector.go:116.2,116.32 1 1
digital.vasic.background/stuck_detector.go:120.87,124.2 3 1
digital.vasic.background/stuck_detector.go:127.90,129.20 2 1
digital.vasic.background/stuck_detector.go:129.20,131.3 1 0
digital.vasic.background/stuck_detector.go:134.2,134.40 1 1
digital.vasic.background/stuck_detector.go:134.40,136.3 1 0
digital.vasic.background/stuck_detector.go:138.2,138.39 1 1
digital.vasic.background/stuck_detector.go:138.39,139.32 1 1
digital.vasic.background/stuck_detector.go:139.32,141.4 1 0
digital.vasic.background/stuck_detector.go:142.3,142.123 1 1
digital.vasic.background/stuck_detector.go:145.2,145.11 1 1
digital.vasic.background/stuck_detector.go:149.91,150.24 1 0
digital.vasic.background/stuck_detector.go:150.24,152.3 1 0
digital.vasic.background/stuck_detector.go:155.2,156.47 2 0
digital.vasic.background/stuck_detector.go:156.47,157.36 1 0
digital.vasic.background/stuck_detector.go:157.36,159.4 1 0
digital.vasic.background/stuck_detector.go:162.2,162.19 1 0
digital.vasic.background/stuck_detector.go:162.19,164.3 1 0
digital.vasic.background/stuck_detector.go:167.2,167.25 1 0
digital.vasic.background/stuck_detector.go:167.25,172.29 4 0
digital.vasic.background/stuck_detector.go:172.29,174.4 1 0
digital.vasic.background/stuck_detector.go:177.2,177.13 1 0
digital.vasic.background/stuck_detector.go:181.101,182.25 1 0
digital.vasic.background/stuck_detector.go:182.25,184.3 1 0
digital.vasic.background/stuck_detector.go:186.2,189.31 2 0
digital.vasic.background/stuck_detector.go:189.31,191.3 1 0
digital.vasic.background/stuck_detector.go:194.2,194.28 1 0
digital.vasic.background/stuck_detector.go:194.28,196.3 1 0
digital.vasic.background/stuck_detector.go:199.2,199.31 1 0
digital.vasic.background/stuck_detector.go:199.31,201.3 1 0
digital.vasic.background/stuck_detector.go:203.2,203.11 1 0
digital.vasic.background/stuck_detector.go:207.87,208.24 1 0
digital.vasic.background/stuck_detector.go:208.24,210.3 1 0
digital.vasic.background/stuck_detector.go:212.2,220.73 4 0
digital.vasic.background/stuck_detector.go:220.73,222.3 1 0
digital.vasic.background/stuck_detector.go:224.2,224.14 1 0
digital.vasic.background/stuck_detector.go:228.89,229.24 1 0
digital.vasic.background/stuck_detector.go:229.24,231.3 1 0
digital.vasic.background/stuck_detector.go:233.2,237.31 3 0
digital.vasic.background/stuck_detector.go:237.31,241.50 2 0
digital.vasic.background/stuck_detector.go:241.50,243.4 1 0
digital.vasic.background/stuck_detector.go:246.2,246.14 1 0
digital.vasic.background/stuck_detector.go:250.89,251.24 1 0
digital.vasic.background/stuck_detector.go:251.24,253.3 1 0
digital.vasic.background/stuck_detector.go:256.2,257.40 2 0
digital.vasic.background/stuck_detector.go:257.40,258.66 1 0
digital.vasic.background/stuck_detector.go:258.66,260.4 1 0
digital.vasic.background/stuck_detector.go:264.2,264.57 1 0
digital.vasic.background/stuck_detector.go:264.57,269.32 3 0
digital.vasic.background/stuck_detector.go:269.32,271.24 2 0
digital.vasic.background/stuck_detector.go:271.24,273.5 1 0
digital.vasic.background/stuck_detector.go:277.2,277.14 1 0
digital.vasic.background/stuck_detector.go:281.133,287.25 1 0
digital.vasic.background/stuck_detector.go:287.25,289.3 1 0
digital.vasic.background/stuck_detector.go:291.2,294.67 2 0
digital.vasic.background/stuck_detector.go:294.67,296.3 1 0
digital.vasic.background/stuck_detector.go:299.2,299.31 1 0
digital.vasic.background/stuck_detector.go:299.31,301.3 1 0
digital.vasic.background/stuck_detector.go:304.2,304.25 1 0
digital.vasic.background/stuck_detector.go:304.25,306.26 2 0
digital.vasic.background/stuck_detector.go:306.26,309.65 1 0
digital.vasic.background/stuck_detector.go:309.65,311.10 2 0
digital.vasic.background/stuck_detector.go:315.3,315.24 1 0
digital.vasic.background/stuck_detector.go:315.24,317.4 1 0
digital.vasic.background/stuck_detector.go:320.2,320.18 1 0
digital.vasic.background/stuck_detector.go:359.147,371.31 4 0
digital.vasic.background/stuck_detector.go:371.31,374.3 2 0
digital.vasic.background/stuck_detector.go:374.8,376.3 1 0
digital.vasic.background/stuck_detector.go:379.2,379.24 1 0
digital.vasic.background/stuck_detector.go:379.24,390.58 3 0
digital.vasic.background/stuck_detector.go:390.58,392.33 2 0
digital.vasic.background/stuck_detector.go:392.33,394.5 1 0
digital.vasic.background/stuck_detector.go:395.4,395.30 1 0
digital.vasic.background/stuck_detector.go:395.30,397.5 1 0
digital.vasic.background/stuck_detector.go:401.3,408.26 2 0
digital.vasic.background/stuck_detector.go:408.26,414.4 3 0
digital.vasic.background/stuck_detector.go:418.2,423.13 4 0
digital.vasic.background/stuck_detector.go:423.13,424.39 1 0
digital.vasic.background/stuck_detector.go:424.39,426.4 1 0
digital.vasic.background/stuck_detector.go:427.3,427.88 1 0
digital.vasic.background/stuck_detector.go:427.88,429.4 1 0
digital.vasic.background/stuck_detector.go:432.2,432.17 1 0
digital.vasic.background/stuck_detector.go:435.25,436.11 1 0
digital.vasic.background/stuck_detector.go:436.11,438.3 1 0
digital.vasic.background/stuck_detector.go:439.2,439.10 1 0
digital.vasic.background/task_queue.go:28.96,35.2 1 0
digital.vasic.background/task_queue.go:38.93,39.17 1 0
digital.vasic.background/task_queue.go:39.17,41.3 1 0
digital.vasic.background/task_queue.go:44.2,44.23 1 0
digital.vasic.background/task_queue.go:44.23,46.3 1 0
digital.vasic.background/task_queue.go:49.2,49.25 1 0
digital.vasic.background/task_queue.go:49.25,51.3 1 0
digital.vasic.background/task_queue.go:54.2,54.31 1 0
digital.vasic.background/task_queue.go:54.31,56.3 1 0
digital.vasic.background/task_queue.go:59.2,59.55 1 0
digital.vasic.background/task_queue.go:59.55,61.3 1 0
digital.vasic.background/task_queue.go:64.2,68.22 1 0
digital.vasic.background/task_queue.go:68.22,70.3 1 0
digital.vasic.background/task_queue.go:72.2,81.12 3 0
digital.vasic.background/task_queue.go:85.142,90.17 3 0
digital.vasic.background/task_queue.go:90.17,92.3 1 0
digital.vasic.background/task_queue.go:93.2,93.17 1 0
digital.vasic.background/task_queue.go:93.17,95.3 1 0
digital.vasic.background/task_queue.go:97.2,98.16 2 0
digital.vasic.background/task_queue.go:98.16,100.3 1 0
digital.vasic.background/task_queue.go:102.2,102.17 1 0
digital.vasic.background/task_queue.go:102.17,104.3 1 0
digital.vasic.background/task_queue.go:107.2,109.28 1 0
digital.vasic.background/task_queue.go:109.28,111.3 1 0
digital.vasic.background/task_queue.go:113.2,122.18 3 0
digital.vasic.background/task_queue.go:126.100,127.16 1 0
digital.vasic.background/task_queue.go:127.16,129.3 1 0
digital.vasic.background/task_queue.go:131.2,131.49 1 0
digital.vasic.background/task_queue.go:135.100,137.16 2 0
digital.vasic.background/task_queue.go:137.16,139.3 1 0
digital.vasic.background/task_queue.go:142.2,149.15 6 0
digital.vasic.background/task_queue.go:149.15,152.3 2 0
digital.vasic.background/task_queue.go:152.8,154.3 1 0
digital.vasic.background/task_queue.go:156.2,156.55 1 0
digital.vasic.background/task_queue.go:156.55,158.3 1 0
digital.vasic.background/task_queue.go:161.2,165.22 1 0
digital.vasic.background/task_queue.go:165.22,167.3 1 0
digital.vasic.background/task_queue.go:169.2,178.12 3 0
digital.vasic.background/task_queue.go:182.103,183.75 1 0
digital.vasic.background/task_queue.go:183.75,185.3 1 0
digital.vasic.background/task_queue.go:187.2,195.12 3 0
digital.vasic.background/task_queue.go:199.81,201.16 2 0
digital.vasic.background/task_queue.go:201.16,203.3 1 0
digital.vasic.background/task_queue.go:205.2,205.46 1 0
digital.vasic.background/task_queue.go:209.81,211.16 2 0
digital.vasic.background/task_queue.go:211.16,213.3 1 0
digital.vasic.background/task_queue.go:215.2,215.46 1 0
digital.vasic.background/task_queue.go:219.103,221.78 2 0
digital.vasic.background/task_queue.go:221.78,224.35 2 0
digital.vasic.background/task_queue.go:224.35,226.4 1 0
digital.vasic.background/task_queue.go:227.3,228.21 2 0
digital.vasic.background/task_queue.go:230.2,234.16 3 0
digital.vasic.background/task_queue.go:234.16,236.3 1 0
digital.vasic.background/task_queue.go:238.2,239.29 2 0
digital.vasic.background/task_queue.go:239.29,241.3 1 0
digital.vasic.background/task_queue.go:244.2,249.20 5 0
digital.vasic.background/task_queue.go:253.47,257.2 3 0
digital.vasic.background/task_queue.go:268.84,270.16 2 0
digital.vasic.background/task_queue.go:270.16,272.3 1 0
digital.vasic.background/task_queue.go:274.2,275.16 2 0
digital.vasic.background/task_queue.go:275.16,277.3 1 0
digital.vasic.background/task_queue.go:279.2,284.8 1 0
digital.vasic.background/task_queue.go:296.69,302.2 1 1
digital.vasic.background/task_queue.go:305.93,309.19 3 1
digital.vasic.background/task_queue.go:309.19,311.3 1 0
digital.vasic.background/task_queue.go:312.2,322.12 7 1
digital.vasic.background/task_queue.go:326.142,330.31 3 1
digital.vasic.background/task_queue.go:330.31,331.85 1 1
digital.vasic.background/task_queue.go:331.85,333.82 1 1
digital.vasic.background/task_queue.go:333.82,334.13 1 0
digital.vasic.background/task_queue.go:336.4,336.82 1 1
digital.vasic.background/task_queue.go:336.82,337.13 1 0
digital.vasic.background/task_queue.go:341.4,351.20 8 1
digital.vasic.background/task_queue.go:355.2,355.17 1 1
digital.vasic.background/task_queue.go:359.100,364.31 4 1
digital.vasic.background/task_queue.go:364.31,365.17 1 1
digital.vasic.background/task_queue.go:365.17,366.9 1 0
digital.vasic.background/task_queue.go:368.3,368.46 1 1
digital.vasic.background/task_queue.go:368.46,370.4 1 1
digital.vasic.background/task_queue.go:373.2,373.20 1 1
digital.vasic.background/task_queue.go:377.100,382.13 4 1
digital.vasic.background/task_queue.go:382.13,384.3 1 0
digital.vasic.background/task_queue.go:386.2,396.12 9 1
digital.vasic.background/task_queue.go:400.103,405.13 4 0
digital.vasic.background/task_queue.go:405.13,407.3 1 0
digital.vasic.background/task_queue.go:409.2,413.12 4 0
digital.vasic.background/task_queue.go:417.81,422.31 4 1
digital.vasic.background/task_queue.go:422.31,423.46 1 1
digital.vasic.background/task_queue.go:423.46,425.4 1 1
digital.vasic.background/task_queue.go:427.2,427.19 1 1
digital.vasic.background/task_queue.go:431.81,436.31 4 1
digital.vasic.background/task_queue.go:436.31,437.46 1 1
digital.vasic.background/task_queue.go:437.46,439.4 1 1
digital.vasic.background/task_queue.go:441.2,441.19 1 1
digital.vasic.background/task_queue.go:445.103,450.31 4 0
digital.vasic.background/task_queue.go:450.31,451.46 1 0
digital.vasic.background/task_queue.go:451.46,453.4 1 0
digital.vasic.background/task_queue.go:455.2,455.20 1 0
digital.vasic.background/task_queue.go:459.41,461.38 1 1
digital.vasic.background/task_queue.go:461.38,462.41 1 1
digital.vasic.background/task_queue.go:462.41,463.44 1 1
digital.vasic.background/task_queue.go:463.44,465.5 1 1
digital.vasic.background/task_queue.go:470.74,472.48 1 1
digital.vasic.background/task_queue.go:472.48,474.3 1 1
digital.vasic.background/task_queue.go:476.2,476.39 1 0
digital.vasic.background/task_queue.go:480.75,484.2 3 0
digital.vasic.background/task_queue.go:487.69,492.2 4 0
digital.vasic.background/task_queue.go:495.56,502.2 2 0
digital.vasic.background/worker_pool.go:34.50,49.2 1 1
digital.vasic.background/worker_pool.go:106.38,107.11 1 1
digital.vasic.background/worker_pool.go:108.23,109.16 1 1
digital.vasic.background/worker_pool.go:110.23,111.16 1 1
digital.vasic.background/worker_pool.go:112.27,113.20 1 1
digital.vasic.background/worker_pool.go:114.26,115.19 1 1
digital.vasic.background/worker_pool.go:116.10,117.19 1 1
digital.vasic.background/worker_pool.go:124.39,126.2 1 1
digital.vasic.background/worker_pool.go:129.43,131.2 1 1
digital.vasic.background/worker_pool.go:134.55,138.2 3 1
digital.vasic.background/worker_pool.go:141.62,145.2 3 1
digital.vasic.background/worker_pool.go:148.43,152.2 3 1
digital.vasic.background/worker_pool.go:155.47,159.2 3 1
digital.vasic.background/worker_pool.go:162.36,164.23 2 1
digital.vasic.background/worker_pool.go:164.23,168.3 3 1
digital.vasic.background/worker_pool.go:169.2,169.13 1 1
digital.vasic.background/worker_pool.go:181.23,182.19 1 1
digital.vasic.background/worker_pool.go:182.19,184.3 1 0
digital.vasic.background/worker_pool.go:186.2,201.3 2 1
digital.vasic.background/worker_pool.go:205.88,210.2 4 1
digital.vasic.background/worker_pool.go:213.64,214.16 1 1
digital.vasic.background/worker_pool.go:214.16,216.3 1 0
digital.vasic.background/worker_pool.go:218.2,224.44 2 1
digital.vasic.background/worker_pool.go:224.44,226.3 1 1
digital.vasic.background/worker_pool.go:229.2,241.12 8 1
digital.vasic.background/worker_pool.go:245.69,251.36 4 1
digital.vasic.background/worker_pool.go:251.36,253.3 1 1
digital.vasic.background/worker_pool.go:254.2,258.12 3 1
digital.vasic.background/worker_pool.go:258.12,261.3 2 1
digital.vasic.background/worker_pool.go:263.2,263.9 1 1
digital.vasic.background/worker_pool.go:264.14,265.51 1 1
digital.vasic.background/worker_pool.go:266.33,267.47 1 0
digital.vasic.background/worker_pool.go:270.2,271.12 2 1
digital.vasic.background/worker_pool.go:275.52,277.2 1 1
digital.vasic.background/worker_pool.go:280.56,285.36 4 1
digital.vasic.background/worker_pool.go:285.36,287.41 1 1
digital.vasic.background/worker_pool.go:287.41,289.4 1 0
digital.vasic.background/worker_pool.go:291.2,291.14 1 1
digital.vasic.background/worker_pool.go:295.64,300.36 4 1
digital.vasic.background/worker_pool.go:300.36,303.20 3 1
digital.vasic.background/worker_pool.go:303.20,305.4 1 1
digital.vasic.background/worker_pool.go:308.3,317.5 1 1
digital.vasic.background/worker_pool.go:319.2,319.17 1 1
digital.vasic.background/worker_pool.go:323.60,324.40 1 1
digital.vasic.background/worker_pool.go:324.40,326.3 1 1
digital.vasic.background/worker_pool.go:327.2,327.40 1 1
digital.vasic.background/worker_pool.go:327.40,329.3 1 1
digital.vasic.background/worker_pool.go:331.2,334.14 3 1
digital.vasic.background/worker_pool.go:334.14,335.29 1 1
digital.vasic.background/worker_pool.go:335.29,337.4 1 1
digital.vasic.background/worker_pool.go:338.8,338.21 1 1
digital.vasic.background/worker_pool.go:338.21,344.37 3 1
digital.vasic.background/worker_pool.go:344.37,345.61 1 1
digital.vasic.background/worker_pool.go:345.61,346.28 1 1
digital.vasic.background/worker_pool.go:346.28,348.6 1 1
digital.vasic.background/worker_pool.go:351.3,351.24 1 1
digital.vasic.background/worker_pool.go:354.2,354.12 1 1
digital.vasic.background/worker_pool.go:358.45,379.23 8 1
digital.vasic.background/worker_pool.go:379.23,381.3 1 1
digital.vasic.background/worker_pool.go:383.2,386.68 3 1
digital.vasic.background/worker_pool.go:390.58,393.15 3 1
digital.vasic.background/worker_pool.go:393.15,395.24 2 1
digital.vasic.background/worker_pool.go:395.24,397.4 1 1
digital.vasic.background/worker_pool.go:398.3,402.39 4 1
digital.vasic.background/worker_pool.go:405.2,409.67 3 1
digital.vasic.background/worker_pool.go:409.67,412.10 3 1
digital.vasic.background/worker_pool.go:413.18,414.15 1 1
digital.vasic.background/worker_pool.go:415.21,416.16 1 1
digital.vasic.background/worker_pool.go:417.26,418.16 1 1
digital.vasic.background/worker_pool.go:422.2,422.6 1 1
digital.vasic.background/worker_pool.go:422.6,423.10 1 1
digital.vasic.background/worker_pool.go:424.28,425.10 1 0
digital.vasic.background/worker_pool.go:426.26,427.10 1 1
digital.vasic.background/worker_pool.go:428.22,430.78 1 0
digital.vasic.background/worker_pool.go:430.78,432.5 1 0
digital.vasic.background/worker_pool.go:434.4,434.25 1 0
digital.vasic.background/worker_pool.go:434.25,437.5 2 0
digital.vasic.background/worker_pool.go:438.4,438.48 1 0
digital.vasic.background/worker_pool.go:439.11,444.18 3 1
digital.vasic.background/worker_pool.go:444.18,446.64 2 0
digital.vasic.background/worker_pool.go:446.64,448.6 1 0
digital.vasic.background/worker_pool.go:449.5,449.13 1 0
digital.vasic.background/worker_pool.go:452.4,452.19 1 1
digital.vasic.background/worker_pool.go:452.19,453.64 1 1
digital.vasic.background/worker_pool.go:453.64,455.6 1 1
digital.vasic.background/worker_pool.go:456.5,456.13 1 1
digital.vasic.background/worker_pool.go:460.4,472.38 8 1
digital.vasic.background/worker_pool.go:478.88,492.13 6 1
digital.vasic.background/worker_pool.go:492.13,495.3 2 0
digital.vasic.background/worker_pool.go:498.2,498.57 1 1
digital.vasic.background/worker_pool.go:498.57,499.120 1 0
digital.vasic.background/worker_pool.go:499.120,501.4 1 0
digital.vasic.background/worker_pool.go:502.3,502.16 1 0
digital.vasic.background/worker_pool.go:502.16,503.69 1 0
digital.vasic.background/worker_pool.go:503.69,505.5 1 0
digital.vasic.background/worker_pool.go:510.2,522.25 4 1
digital.vasic.background/worker_pool.go:522.25,524.3 1 0
digital.vasic.background/worker_pool.go:524.8,526.19 2 1
digital.vasic.background/worker_pool.go:526.19,528.4 1 0
digital.vasic.background/worker_pool.go:529.3,529.65 1 1
digital.vasic.background/worker_pool.go:531.2,534.24 2 1
digital.vasic.background/worker_pool.go:534.24,537.18 1 1
digital.vasic.background/worker_pool.go:537.18,539.4 1 0
digital.vasic.background/worker_pool.go:543.2,550.16 6 1
digital.vasic.background/worker_pool.go:550.16,552.3 1 0
digital.vasic.background/worker_pool.go:552.8,554.3 1 1
digital.vasic.background/worker_pool.go:556.2,556.23 1 1
digital.vasic.background/worker_pool.go:556.23,558.3 1 1
digital.vasic.background/worker_pool.go:562.118,568.73 5 1
digital.vasic.background/worker_pool.go:568.73,570.3 1 0
digital.vasic.background/worker_pool.go:572.2,575.29 1 1
digital.vasic.background/worker_pool.go:575.29,577.3 1 0
digital.vasic.background/worker_pool.go:579.2,579.24 1 1
digital.vasic.background/worker_pool.go:579.24,582.18 1 1
digital.vasic.background/worker_pool.go:582.18,584.4 1 0
digital.vasic.background/worker_pool.go:587.2,588.23 2 1
digital.vasic.background/worker_pool.go:588.23,590.3 1 1
digital.vasic.background/worker_pool.go:592.2,596.41 1 1
digital.vasic.background/worker_pool.go:600.103,612.21 4 0
digital.vasic.background/worker_pool.go:612.21,614.80 2 0
digital.vasic.background/worker_pool.go:614.80,616.4 1 0
digital.vasic.background/worker_pool.go:617.3,617.24 1 0
digital.vasic.background/worker_pool.go:617.24,619.4 1 0
digital.vasic.background/worker_pool.go:620.8,623.74 2 0
digital.vasic.background/worker_pool.go:623.74,625.4 1 0
digital.vasic.background/worker_pool.go:627.3,627.92 1 0
digital.vasic.background/worker_pool.go:627.92,629.4 1 0
digital.vasic.background/worker_pool.go:631.3,631.25 1 0
digital.vasic.background/worker_pool.go:631.25,635.19 1 0
digital.vasic.background/worker_pool.go:635.19,637.5 1 0
digital.vasic.background/worker_pool.go:640.3,640.24 1 0
digital.vasic.background/worker_pool.go:640.24,643.4 2 0
digital.vasic.background/worker_pool.go:646.2,650.29 1 0
digital.vasic.background/worker_pool.go:650.29,652.3 1 0
digital.vasic.background/worker_pool.go:654.2,654.41 1 0
digital.vasic.background/worker_pool.go:658.45,664.6 4 1
digital.vasic.background/worker_pool.go:664.6,665.10 1 1
digital.vasic.background/worker_pool.go:666.24,667.10 1 1
digital.vasic.background/worker_pool.go:668.19,670.27 1 1
digital.vasic.background/worker_pool.go:670.27,672.5 1 0
digital.vasic.background/worker_pool.go:673.4,673.22 1 1
digital.vasic.background/worker_pool.go:679.47,681.52 1 1
digital.vasic.background/worker_pool.go:681.52,683.3 1 0
digital.vasic.background/worker_pool.go:684.2,686.31 2 1
digital.vasic.background/worker_pool.go:686.31,688.3 1 0
digital.vasic.background/worker_pool.go:690.2,691.16 2 1
digital.vasic.background/worker_pool.go:691.16,694.3 2 0
digital.vasic.background/worker_pool.go:696.2,711.60 7 1
digital.vasic.background/worker_pool.go:711.60,720.37 2 0
digital.vasic.background/worker_pool.go:720.37,722.4 1 0
digital.vasic.background/worker_pool.go:724.3,731.24 2 0
digital.vasic.background/worker_pool.go:731.24,733.4 1 0
digital.vasic.background/worker_pool.go:737.2,737.108 1 1
digital.vasic.background/worker_pool.go:737.108,738.24 1 0
digital.vasic.background/worker_pool.go:738.24,740.4 1 0
digital.vasic.background/worker_pool.go:745.51,747.2 1 0
digital.vasic.background/worker_pool.go:750.52,756.6 4 1
digital.vasic.background/worker_pool.go:756.6,757.10 1 1
digital.vasic.background/worker_pool.go:758.24,759.10 1 1
digital.vasic.background/worker_pool.go:760.19,762.27 1 0
digital.vasic.background/worker_pool.go:762.27,764.5 1 0
digital.vasic.background/worker_pool.go:765.4,765.27 1 0
digital.vasic.background/worker_pool.go:771.52,772.29 1 0
digital.vasic.background/worker_pool.go:772.29,774.3 1 0
digital.vasic.background/worker_pool.go:776.2,778.16 3 0
digital.vasic.background/worker_pool.go:778.16,781.3 2 0
digital.vasic.background/worker_pool.go:783.2,783.34 1 0
digital.vasic.background/worker_pool.go:783.34,786.27 2 0
digital.vasic.background/worker_pool.go:786.27,788.4 1 0
digital.vasic.background/worker_pool.go:790.3,791.14 2 0
digital.vasic.background/worker_pool.go:791.14,793.4 1 0
digital.vasic.background/worker_pool.go:798.91,807.59 4 0
digital.vasic.background/worker_pool.go:807.59,809.3 1 0
digital.vasic.background/worker_pool.go:811.2,813.32 1 0
digital.vasic.background/worker_pool.go:813.32,815.3 1 0
digital.vasic.background/worker_pool.go:817.2,817.24 1 0
digital.vasic.background/worker_pool.go:817.24,820.18 1 0
digital.vasic.background/worker_pool.go:820.18,822.4 1 0
digital.vasic.background/worker_pool.go:825.2,825.23 1 0
digital.vasic.background/worker_pool.go:825.23,827.3 1 0
digital.vasic.background/worker_pool.go:831.54,837.6 4 1
digital.vasic.background/worker_pool.go:837.6,838.10 1 1
digital.vasic.background/worker_pool.go:839.24,840.10 1 1
digital.vasic.background/worker_pool.go:841.19,843.27 1 1
digital.vasic.background/worker_pool.go:843.27,845.5 1 0
digital.vasic.background/worker_pool.go:846.4,846.25 1 1
digital.vasic.background/worker_pool.go:852.50,856.36 3 1
digital.vasic.background/worker_pool.go:856.36,859.63 2 1
digital.vasic.background/worker_pool.go:859.63,860.80 1 0
digital.vasic.background/worker_pool.go:860.80,862.5 1 0
digital.vasic.background/worker_pool.go:868.82,869.31 1 1
digital.vasic.background/worker_pool.go:869.31,871.3 1 1
digital.vasic.background/worker_pool.go:873.2,874.16 2 1
digital.vasic.background/worker_pool.go:874.16,876.3 1 0
digital.vasic.background/worker_pool.go:879.2,880.22 2 1
digital.vasic.background/worker_pool.go:880.22,882.3 1 0
digital.vasic.background/worker_pool.go:884.2,887.3 1 1
digital.vasic.background/worker_pool.go:899.86,900.102 1 1
digital.vasic.background/worker_pool.go:900.102,902.3 1 0
digital.vasic.background/worker_pool.go:904.2,904.23 1 1
digital.vasic.background/worker_pool.go:904.23,909.3 1 1
digital.vasic.background/worker_pool.go:911.2,911.12 1 1
digital.vasic.background/worker_pool.go:914.56,916.2 1 0
digital.vasic.background/worker_pool.go:918.68,920.2 1 0
digital.vasic.background/worker_pool.go:922.84,923.23 1 0
digital.vasic.background/worker_pool.go:923.23,925.3 1 0
digital.vasic.background/worker_pool.go:926.2,926.12 1 0
digital.vasic.background/worker_pool.go:929.102,934.27 2 0
digital.vasic.background/worker_pool.go:934.27,936.3 1 0
digital.vasic.background/worker_pool.go:938.2,940.23 2 0
digital.vasic.background/worker_pool.go:940.23,942.3 1 0
digital.vasic.background/worker_pool.go:944.2,944.12 1 0
digital.vasic.background/worker_pool.go:947.27,948.11 1 0
digital.vasic.background/worker_pool.go:948.11,949.12 1 0
digital.vasic.background/worker_pool.go:949.12,951.4 1 0
digital.vasic.background/worker_pool.go:952.3,952.11 1 0
digital.vasic.background/worker_pool.go:954.2,954.11 1 0
digital.vasic.background/worker_pool.go:954.11,956.3 1 0
digital.vasic.background/worker_pool.go:957.2,957.10 1 0
digital.vasic.background/worker_pool.go:965.197,982.6 8 0
digital.vasic.background/worker_pool.go:982.6,983.10 1 0
digital.vasic.background/worker_pool.go:984.25,985.49 1 0
digital.vasic.background/worker_pool.go:985.49,987.5 1 0
digital.vasic.background/worker_pool.go:988.4,988.29 1 0
digital.vasic.background/worker_pool.go:989.35,992.18 2 0
digital.vasic.background/worker_pool.go:992.18,994.5 1 0
digital.vasic.background/worker_pool.go:997.4,997.64 1 0
digital.vasic.background/worker_pool.go:997.64,999.36 2 0
digital.vasic.background/worker_pool.go:999.36,1001.6 1 0
digital.vasic.background/worker_pool.go:1002.5,1003.33 2 0
digital.vasic.background/worker_pool.go:1007.4,1007.37 1 0
digital.vasic.background/worker_pool.go:1007.37,1014.47 2 0
digital.vasic.background/worker_pool.go:1014.47,1016.37 2 0
digital.vasic.background/worker_pool.go:1016.37,1018.7 1 0
digital.vasic.background/worker_pool.go:1019.6,1019.56 1 0
digital.vasic.background/worker_pool.go:1021.5,1021.50 1 0
digital.vasic.background/worker_pool.go:1021.50,1023.6 1 0
digital.vasic.background/worker_pool.go:1024.5,1024.51 1 0
digital.vasic.background/worker_pool.go:1024.51,1026.6 1 0
digital.vasic.background/worker_pool.go:1028.5,1028.21 1 0
digital.vasic.background/worker_pool.go:1032.4,1032.38 1 0
digital.vasic.background/worker_pool.go:1032.38,1034.39 2 0
digital.vasic.background/worker_pool.go:1034.39,1036.6 1 0
digital.vasic.background/worker_pool.go:1043.158,1045.16 2 0
digital.vasic.background/worker_pool.go:1045.16,1047.3 1 0
digital.vasic.background/worker_pool.go:1050.2,1051.46 2 0
digital.vasic.background/worker_pool.go:1051.46,1054.34 1 0
digital.vasic.background/worker_pool.go:1054.34,1056.4 1 0
digital.vasic.background/worker_pool.go:1059.2,1059.26 1 0
digital.vasic.background/worker_pool.go:1063.54,1064.16 1 0
digital.vasic.background/worker_pool.go:1068.31,1069.14 1 0
digital.vasic.background/worker_pool.go:1070.10,1071.15 1 0
digital.vasic.background/worker_pool.go:1077.132,1085.33 3 0
digital.vasic.background/worker_pool.go:1085.33,1086.22 1 0
digital.vasic.background/worker_pool.go:1086.22,1101.4 3 0
digital.vasic.background/worker_pool.go:1105.2,1105.20 1 0
digital.vasic.background/worker_pool.go:1105.20,1108.3 2 0
digital.vasic.background/worker_pool.go:1110.2,1110.16 1 0
